0 info it worked if it ends with ok
1 verbose cli [ 'D:\\node\\node.exe',
1 verbose cli   'D:\\node\\node_modules\\npm\\bin\\npm-cli.js',
1 verbose cli   'start' ]
2 info using npm@3.10.5
3 info using node@v5.1.1
4 verbose run-script [ 'prestart', 'start', 'poststart' ]
5 info lifecycle myapp1@0.0.0~prestart: myapp1@0.0.0
6 silly lifecycle myapp1@0.0.0~prestart: no script for prestart, continuing
7 info lifecycle myapp1@0.0.0~start: myapp1@0.0.0
8 verbose lifecycle myapp1@0.0.0~start: unsafe-perm in lifecycle true
9 verbose lifecycle myapp1@0.0.0~start: PATH: D:\node\node_modules\npm\bin\node-gyp-bin;D:\WebstormProjects\myapp1\node_modules\.bin;D:\node;C:\ProgramData\Oracle\Java\javapath;C:\Windows\system32;C:\Windows;C:\Windows\System32\Wbem;C:\Windows\System32\WindowsPowerShell\v1.0\;C:\Program Files (x86)\Microsoft SDKs\Azure\CLI\wbin;C:\Windows\system32\config\systemprofile\.dnx\bin;C:\Program Files\Microsoft DNX\Dnvm\;D:\Program Files (x86)\Brackets\command;C:\Program Files\Microsoft SQL Server\120\Tools\Binn\;D:\QTSystem\;D:\xampp\php;C:\ProgramData\ComposerSetup\bin;D:\cloudSDK\google-cloud-sdk\bin;C:\Users\Administrator\AppData\Roaming\Composer\vendor\bin;D:\node;D:\xampphtdocsphp_project2management;D:\vim;D:\cloudSDK;D:/mongodb/bin;C:\Users\Administrator\AppData\Local\atom\bin
10 verbose lifecycle myapp1@0.0.0~start: CWD: D:\WebstormProjects\myapp1
11 silly lifecycle myapp1@0.0.0~start: Args: [ '/d /s /c', 'node ./bin/www' ]
12 silly lifecycle myapp1@0.0.0~start: Returned: code: 1  signal: null
13 info lifecycle myapp1@0.0.0~start: Failed to exec start script
14 verbose stack Error: myapp1@0.0.0 start: `node ./bin/www`
14 verbose stack Exit status 1
14 verbose stack     at EventEmitter.<anonymous> (D:\node\node_modules\npm\lib\utils\lifecycle.js:242:16)
14 verbose stack     at emitTwo (events.js:87:13)
14 verbose stack     at EventEmitter.emit (events.js:172:7)
14 verbose stack     at ChildProcess.<anonymous> (D:\node\node_modules\npm\lib\utils\spawn.js:40:14)
14 verbose stack     at emitTwo (events.js:87:13)
14 verbose stack     at ChildProcess.emit (events.js:172:7)
14 verbose stack     at maybeClose (internal/child_process.js:818:16)
14 verbose stack     at Process.ChildProcess._handle.onexit (internal/child_process.js:211:5)
15 verbose pkgid myapp1@0.0.0
16 verbose cwd D:\WebstormProjects\myapp1
17 error Windows_NT 6.1.7601
18 error argv "D:\\node\\node.exe" "D:\\node\\node_modules\\npm\\bin\\npm-cli.js" "start"
19 error node v5.1.1
20 error npm  v3.10.5
21 error code ELIFECYCLE
22 error myapp1@0.0.0 start: `node ./bin/www`
22 error Exit status 1
23 error Failed at the myapp1@0.0.0 start script 'node ./bin/www'.
23 error Make sure you have the latest version of node.js and npm installed.
23 error If you do, this is most likely a problem with the myapp1 package,
23 error not with npm itself.
23 error Tell the author that this fails on your system:
23 error     node ./bin/www
23 error You can get information on how to open an issue for this project with:
23 error     npm bugs myapp1
23 error Or if that isn't available, you can get their info via:
23 error     npm owner ls myapp1
23 error There is likely additional logging output above.
24 verbose exit [ 1, true ]
